<?xml version="1.0" encoding="UTF-8"?>
<testng-results ignored="0" total="1" passed="1" failed="0" skipped="0">
  <reporter-output>
  </reporter-output>
  <suite started-at="2023-01-17T09:36:47 IST" name="Default Suite" finished-at="2023-01-17T09:36:47 IST" duration-ms="78">
    <groups>
    </groups>
    <test started-at="2023-01-17T09:36:47 IST" name="CucumberJava" finished-at="2023-01-17T09:36:47 IST" duration-ms="78">
      <class name="TestCases">
        <test-method signature="test1()[pri:0, instance:TestCases@2b4a2ec7]" started-at="2023-01-17T09:36:47 IST" name="test1" finished-at="2023-01-17T09:36:47 IST" duration-ms="8" status="PASS">
          <reporter-output>
          </reporter-output>
        </test-method> <!-- test1 -->
      </class> <!-- TestCases -->
    </test> <!-- CucumberJava -->
  </suite> <!-- Default Suite -->
</testng-results>
